2025-09-02T06:24:53.238+05:30  INFO 12220 --- [userauth-service] [restartedMain] c.w.s.a.CarerOutfitServerApplication     : Starting CarerOutfitServerApplication using Java 21.0.7 with PID 12220 (C:\Users\91939\Downloads\UserAuth\UserAuth-Server\target\classes started by 91939 in C:\Users\91939\Downloads\UserAuth\UserAuth-Server)
2025-09-02T06:24:53.247+05:30  INFO 12220 --- [userauth-service] [restartedMain] c.w.s.a.CarerOutfitServerApplication     : No active profile set, falling back to 1 default profile: "default"
2025-09-02T06:24:54.275+05:30  INFO 12220 --- [userauth-service] [restartedMain] o.s.c.c.c.ConfigServerConfigDataLoader   : Fetching config from server at : http://localhost:9095
2025-09-02T06:24:54.276+05:30  INFO 12220 --- [userauth-service] [restartedMain] o.s.c.c.c.ConfigServerConfigDataLoader   : Located environment: name=userauth-service, profiles=[default], label=null, version=fffd86362dcd94b0e2034dcdd81015b279b445fd, state=
2025-09-02T06:24:54.281+05:30  INFO 12220 --- [userauth-service] [restartedMain] .e.DevToolsPropertyDefaultsPostProcessor : Devtools property defaults active! Set 'spring.devtools.add-properties' to 'false' to disable
2025-09-02T06:24:54.281+05:30  INFO 12220 --- [userauth-service] [restartedMain] .e.DevToolsPropertyDefaultsPostProcessor : For additional web related logging consider setting the 'logging.level.web' property to 'DEBUG'
2025-09-02T06:25:23.570+05:30  INFO 12220 --- [userauth-service] [restartedMain] .s.d.r.c.RepositoryConfigurationDelegate : Bootstrapping Spring Data JPA repositories in DEFAULT mode.
2025-09-02T06:25:25.493+05:30  INFO 12220 --- [userauth-service] [restartedMain] .s.d.r.c.RepositoryConfigurationDelegate : Finished Spring Data repository scanning in 1751 ms. Found 2 JPA repository interfaces.
2025-09-02T06:25:26.965+05:30  INFO 12220 --- [userauth-service] [restartedMain] o.s.cloud.context.scope.GenericScope     : BeanFactory id=923870c0-c67d-3595-aaed-e43d45afaf69
2025-09-02T06:25:33.617+05:30  INFO 12220 --- [userauth-service] [restartedMain] o.s.b.w.embedded.tomcat.TomcatWebServer  : Tomcat initialized with port 8087 (http)
2025-09-02T06:25:33.770+05:30  INFO 12220 --- [userauth-service] [restartedMain] o.apache.catalina.core.StandardService   : Starting service [Tomcat]
2025-09-02T06:25:33.772+05:30  INFO 12220 --- [userauth-service] [restartedMain] o.apache.catalina.core.StandardEngine    : Starting Servlet engine: [Apache Tomcat/10.1.16]
2025-09-02T06:25:34.362+05:30  INFO 12220 --- [userauth-service] [restartedMain] o.a.c.c.C.[Tomcat].[localhost].[/]       : Initializing Spring embedded WebApplicationContext
2025-09-02T06:25:34.363+05:30  INFO 12220 --- [userauth-service] [restartedMain] w.s.c.ServletWebServerApplicationContext : Root WebApplicationContext: initialization completed in 40080 ms
2025-09-02T06:25:36.821+05:30  INFO 12220 --- [userauth-service] [restartedMain] o.hibernate.jpa.internal.util.LogHelper  : HHH000204: Processing PersistenceUnitInfo [name: default]
2025-09-02T06:25:37.848+05:30  INFO 12220 --- [userauth-service] [restartedMain] org.hibernate.Version                    : HHH000412: Hibernate ORM core version 6.3.1.Final
2025-09-02T06:25:38.238+05:30  INFO 12220 --- [userauth-service] [restartedMain] o.h.c.internal.RegionFactoryInitiator    : HHH000026: Second-level cache disabled
2025-09-02T06:25:40.613+05:30  INFO 12220 --- [userauth-service] [restartedMain] o.s.o.j.p.SpringPersistenceUnitInfo      : No LoadTimeWeaver setup: ignoring JPA class transformer
2025-09-02T06:25:40.959+05:30  INFO 12220 --- [userauth-service] [restartedMain] com.zaxxer.hikari.HikariDataSource       : HikariPool-1 - Starting...
2025-09-02T06:25:42.999+05:30  INFO 12220 --- [userauth-service] [restartedMain] com.zaxxer.hikari.pool.HikariPool        : HikariPool-1 - Added connection com.mysql.cj.jdbc.ConnectionImpl@3c02ee60
2025-09-02T06:25:43.003+05:30  INFO 12220 --- [userauth-service] [restartedMain] com.zaxxer.hikari.HikariDataSource       : HikariPool-1 - Start completed.
2025-09-02T06:25:50.352+05:30  INFO 12220 --- [userauth-service] [restartedMain] o.h.e.t.j.p.i.JtaPlatformInitiator       : HHH000489: No JTA platform available (set 'hibernate.transaction.jta.platform' to enable JTA platform integration)
2025-09-02T06:25:52.239+05:30  INFO 12220 --- [userauth-service] [restartedMain] j.LocalContainerEntityManagerFactoryBean : Initialized JPA EntityManagerFactory for persistence unit 'default'
2025-09-02T06:25:55.355+05:30  WARN 12220 --- [userauth-service] [restartedMain] ConfigServletWebServerApplicationContext : Exception encountered during context initialization - cancelling refresh attempt: org.springframework.beans.factory.UnsatisfiedDependencyException: Error creating bean with name 'authServiceImpl': Unsatisfied dependency expressed through field 'passwordEncoder': No qualifying bean of type 'org.springframework.security.crypto.bcrypt.BCryptPasswordEncoder' available: expected at least 1 bean which qualifies as autowire candidate. Dependency annotations: {@org.springframework.beans.factory.annotation.Autowired(required=true)}
2025-09-02T06:25:55.355+05:30  INFO 12220 --- [userauth-service] [restartedMain] j.LocalContainerEntityManagerFactoryBean : Closing JPA EntityManagerFactory for persistence unit 'default'
2025-09-02T06:25:55.363+05:30  INFO 12220 --- [userauth-service] [restartedMain] com.zaxxer.hikari.HikariDataSource       : HikariPool-1 - Shutdown initiated...
2025-09-02T06:25:55.476+05:30  INFO 12220 --- [userauth-service] [restartedMain] com.zaxxer.hikari.HikariDataSource       : HikariPool-1 - Shutdown completed.
2025-09-02T06:25:55.484+05:30  INFO 12220 --- [userauth-service] [restartedMain] o.apache.catalina.core.StandardService   : Stopping service [Tomcat]
2025-09-02T06:25:55.597+05:30  INFO 12220 --- [userauth-service] [restartedMain] .s.b.a.l.ConditionEvaluationReportLogger : 

Error starting ApplicationContext. To display the condition evaluation report re-run your application with 'debug' enabled.
2025-09-02T06:25:55.798+05:30 ERROR 12220 --- [userauth-service] [restartedMain] o.s.b.d.LoggingFailureAnalysisReporter   : 

***************************
APPLICATION FAILED TO START
***************************

Description:

Field passwordEncoder in com.wipro.sindhu.authservice.services.AuthServiceImpl required a bean of type 'org.springframework.security.crypto.bcrypt.BCryptPasswordEncoder' that could not be found.

The injection point has the following annotations:
	- @org.springframework.beans.factory.annotation.Autowired(required=true)


Action:

Consider defining a bean of type 'org.springframework.security.crypto.bcrypt.BCryptPasswordEncoder' in your configuration.

2025-09-02T06:45:36.272+05:30  INFO 3408 --- [userauth-service] [restartedMain] c.w.s.a.CarerOutfitServerApplication     : Starting CarerOutfitServerApplication using Java 21.0.7 with PID 3408 (C:\Users\91939\Downloads\UserAuth\UserAuth-Server\target\classes started by 91939 in C:\Users\91939\Downloads\UserAuth\UserAuth-Server)
2025-09-02T06:45:36.383+05:30  INFO 3408 --- [userauth-service] [restartedMain] c.w.s.a.CarerOutfitServerApplication     : No active profile set, falling back to 1 default profile: "default"
2025-09-02T06:45:36.711+05:30  INFO 3408 --- [userauth-service] [restartedMain] o.s.c.c.c.ConfigServerConfigDataLoader   : Fetching config from server at : http://localhost:9095
2025-09-02T06:45:36.712+05:30  INFO 3408 --- [userauth-service] [restartedMain] o.s.c.c.c.ConfigServerConfigDataLoader   : Located environment: name=userauth-service, profiles=[default], label=null, version=fffd86362dcd94b0e2034dcdd81015b279b445fd, state=
2025-09-02T06:45:36.716+05:30  INFO 3408 --- [userauth-service] [restartedMain] .e.DevToolsPropertyDefaultsPostProcessor : Devtools property defaults active! Set 'spring.devtools.add-properties' to 'false' to disable
2025-09-02T06:45:36.716+05:30  INFO 3408 --- [userauth-service] [restartedMain] .e.DevToolsPropertyDefaultsPostProcessor : For additional web related logging consider setting the 'logging.level.web' property to 'DEBUG'
2025-09-02T06:45:52.105+05:30  INFO 3408 --- [userauth-service] [restartedMain] .s.d.r.c.RepositoryConfigurationDelegate : Bootstrapping Spring Data JPA repositories in DEFAULT mode.
2025-09-02T06:45:53.076+05:30  INFO 3408 --- [userauth-service] [restartedMain] .s.d.r.c.RepositoryConfigurationDelegate : Finished Spring Data repository scanning in 952 ms. Found 2 JPA repository interfaces.
2025-09-02T06:45:53.936+05:30  INFO 3408 --- [userauth-service] [restartedMain] o.s.cloud.context.scope.GenericScope     : BeanFactory id=923870c0-c67d-3595-aaed-e43d45afaf69
2025-09-02T06:45:59.240+05:30  INFO 3408 --- [userauth-service] [restartedMain] o.s.b.w.embedded.tomcat.TomcatWebServer  : Tomcat initialized with port 8087 (http)
2025-09-02T06:45:59.347+05:30  INFO 3408 --- [userauth-service] [restartedMain] o.apache.catalina.core.StandardService   : Starting service [Tomcat]
2025-09-02T06:45:59.348+05:30  INFO 3408 --- [userauth-service] [restartedMain] o.apache.catalina.core.StandardEngine    : Starting Servlet engine: [Apache Tomcat/10.1.16]
2025-09-02T06:45:59.657+05:30  INFO 3408 --- [userauth-service] [restartedMain] o.a.c.c.C.[Tomcat].[localhost].[/]       : Initializing Spring embedded WebApplicationContext
2025-09-02T06:45:59.658+05:30  INFO 3408 --- [userauth-service] [restartedMain] w.s.c.ServletWebServerApplicationContext : Root WebApplicationContext: initialization completed in 22928 ms
2025-09-02T06:46:02.529+05:30  INFO 3408 --- [userauth-service] [restartedMain] o.hibernate.jpa.internal.util.LogHelper  : HHH000204: Processing PersistenceUnitInfo [name: default]
2025-09-02T06:46:03.049+05:30  INFO 3408 --- [userauth-service] [restartedMain] org.hibernate.Version                    : HHH000412: Hibernate ORM core version 6.3.1.Final
2025-09-02T06:46:03.254+05:30  INFO 3408 --- [userauth-service] [restartedMain] o.h.c.internal.RegionFactoryInitiator    : HHH000026: Second-level cache disabled
2025-09-02T06:46:05.743+05:30  INFO 3408 --- [userauth-service] [restartedMain] o.s.o.j.p.SpringPersistenceUnitInfo      : No LoadTimeWeaver setup: ignoring JPA class transformer
2025-09-02T06:46:05.890+05:30  INFO 3408 --- [userauth-service] [restartedMain] com.zaxxer.hikari.HikariDataSource       : HikariPool-1 - Starting...
2025-09-02T06:46:07.851+05:30  INFO 3408 --- [userauth-service] [restartedMain] com.zaxxer.hikari.pool.HikariPool        : HikariPool-1 - Added connection com.mysql.cj.jdbc.ConnectionImpl@311b6c3a
2025-09-02T06:46:07.857+05:30  INFO 3408 --- [userauth-service] [restartedMain] com.zaxxer.hikari.HikariDataSource       : HikariPool-1 - Start completed.
2025-09-02T06:46:14.064+05:30  INFO 3408 --- [userauth-service] [restartedMain] o.h.e.t.j.p.i.JtaPlatformInitiator       : HHH000489: No JTA platform available (set 'hibernate.transaction.jta.platform' to enable JTA platform integration)
2025-09-02T06:46:15.121+05:30  INFO 3408 --- [userauth-service] [restartedMain] j.LocalContainerEntityManagerFactoryBean : Initialized JPA EntityManagerFactory for persistence unit 'default'
2025-09-02T06:46:17.391+05:30 DEBUG 3408 --- [userauth-service] [restartedMain] org.hibernate.SQL                        : 
    select
        u1_0.id,
        u1_0.email,
        u1_0.name,
        u1_0.password,
        u1_0.user_role 
    from
        user u1_0 
    where
        u1_0.user_role=?
2025-09-02T06:46:18.384+05:30 DEBUG 3408 --- [userauth-service] [restartedMain] org.hibernate.SQL                        : 
    insert 
    into
        user
        (email, name, password, user_role) 
    values
        (?, ?, ?, ?)
2025-09-02T06:46:19.767+05:30  WARN 3408 --- [userauth-service] [restartedMain] JpaBaseConfiguration$JpaWebConfiguration : spring.jpa.open-in-view is enabled by default. Therefore, database queries may be performed during view rendering. Explicitly configure spring.jpa.open-in-view to disable this warning
2025-09-02T06:46:22.043+05:30  INFO 3408 --- [userauth-service] [restartedMain] o.s.b.a.e.web.EndpointLinksResolver      : Exposing 17 endpoint(s) beneath base path '/actuator'
2025-09-02T06:46:22.393+05:30  INFO 3408 --- [userauth-service] [restartedMain] o.s.s.web.DefaultSecurityFilterChain     : Will secure any request with [org.springframework.security.web.session.DisableEncodeUrlFilter@1ba4f50e, org.springframework.security.web.context.request.async.WebAsyncManagerIntegrationFilter@3edeb39d, org.springframework.security.web.context.SecurityContextHolderFilter@60aa42d3, org.springframework.security.web.header.HeaderWriterFilter@51999c7, org.springframework.web.filter.CorsFilter@7edbb0b, org.springframework.security.web.authentication.logout.LogoutFilter@71cda5f0, com.wipro.sindhu.authservice.config.JwtAuthenticationFilter@5afb03b4, org.springframework.security.web.authentication.www.BasicAuthenticationFilter@4c62ba76, org.springframework.security.web.savedrequest.RequestCacheAwareFilter@22b6a17b, org.springframework.security.web.servletapi.SecurityContextHolderAwareRequestFilter@42547d5f, org.springframework.security.web.authentication.AnonymousAuthenticationFilter@2c18aeea, org.springframework.security.web.session.SessionManagementFilter@7166cc83, org.springframework.security.web.access.ExceptionTranslationFilter@64a583b9, org.springframework.security.web.access.intercept.AuthorizationFilter@3f422e94]
2025-09-02T06:46:24.534+05:30  INFO 3408 --- [userauth-service] [restartedMain] o.s.b.d.a.OptionalLiveReloadServer       : LiveReload server is running on port 35729
2025-09-02T06:46:24.587+05:30  INFO 3408 --- [userauth-service] [restartedMain] DiscoveryClientOptionalArgsConfiguration : Eureka HTTP Client uses RestTemplate.
2025-09-02T06:46:24.794+05:30  WARN 3408 --- [userauth-service] [restartedMain] ConfigServletWebServerApplicationContext : Exception encountered during context initialization - cancelling refresh attempt: org.springframework.beans.factory.BeanCreationException: Error creating bean with name 'compositeCompatibilityVerifier' defined in class path resource [org/springframework/cloud/configuration/CompatibilityVerifierAutoConfiguration.class]: Failed to instantiate [org.springframework.cloud.configuration.CompositeCompatibilityVerifier]: Factory method 'compositeCompatibilityVerifier' threw exception with message: Spring Cloud/ Spring Boot version compatibility checks have failed: [[VerificationResult@3065eadb description = 'Spring Boot [3.2.0] is not compatible with this Spring Cloud release train', action = 'Change Spring Boot version to one of the following versions [3.5.x] .
You can find the latest Spring Boot versions here [https://spring.io/projects/spring-boot#learn]. 
If you want to learn more about the Spring Cloud Release train compatibility, you can visit this page [https://spring.io/projects/spring-cloud#overview] and check the [Release Trains] section.
If you want to disable this check, just set the property [spring.cloud.compatibility-verifier.enabled=false]']]
2025-09-02T06:46:24.808+05:30  INFO 3408 --- [userauth-service] [restartedMain] j.LocalContainerEntityManagerFactoryBean : Closing JPA EntityManagerFactory for persistence unit 'default'
2025-09-02T06:46:24.814+05:30  INFO 3408 --- [userauth-service] [restartedMain] com.zaxxer.hikari.HikariDataSource       : HikariPool-1 - Shutdown initiated...
2025-09-02T06:46:24.854+05:30  INFO 3408 --- [userauth-service] [restartedMain] com.zaxxer.hikari.HikariDataSource       : HikariPool-1 - Shutdown completed.
2025-09-02T06:46:24.859+05:30  INFO 3408 --- [userauth-service] [restartedMain] o.apache.catalina.core.StandardService   : Stopping service [Tomcat]
2025-09-02T06:46:24.982+05:30  INFO 3408 --- [userauth-service] [restartedMain] .s.b.a.l.ConditionEvaluationReportLogger : 

Error starting ApplicationContext. To display the condition evaluation report re-run your application with 'debug' enabled.
2025-09-02T06:46:25.162+05:30 ERROR 3408 --- [userauth-service] [restartedMain] o.s.b.d.LoggingFailureAnalysisReporter   : 

***************************
APPLICATION FAILED TO START
***************************

Description:

Your project setup is incompatible with our requirements due to following reasons:

- Spring Boot [3.2.0] is not compatible with this Spring Cloud release train


Action:

Consider applying the following actions:

- Change Spring Boot version to one of the following versions [3.5.x] .
You can find the latest Spring Boot versions here [https://spring.io/projects/spring-boot#learn]. 
If you want to learn more about the Spring Cloud Release train compatibility, you can visit this page [https://spring.io/projects/spring-cloud#overview] and check the [Release Trains] section.
If you want to disable this check, just set the property [spring.cloud.compatibility-verifier.enabled=false]


